[13:19:11.815] [INFO] storybook v10.1.5
[13:19:12.661] [DEBUG] Getting package.json info for /Users/kgy/Documents/gayoung/dev/acme-design-system-storybook/packages/ui/package.json...
[13:19:12.667] [WARN] Could not resolve addon "@storybook/addon-essentials", skipping. Is it installed?
[13:19:12.700] [WARN] Could not resolve addon "@storybook/addon-essentials", skipping. Is it installed?
[13:19:12.903] [ERROR] [38;2;241;97;97mError: Failed to load static files, no such directory: [36m/Users/kgy/Documents/gayoung/dev/acme-design-system-storybook/packages/public[39m
Make sure this directory exists.[39m
    at parseStaticDir (file:///Users/kgy/Documents/gayoung/dev/acme-design-system-storybook/node_modules/storybook/dist/_node-chunks/chunk-VGBOM5PD.js:107:11)
    at file:///Users/kgy/Documents/gayoung/dev/acme-design-system-storybook/node_modules/storybook/dist/core-server/presets/common-preset.js:1421:48
    at Array.map (<anonymous>)
    at Object.favicon (file:///Users/kgy/Documents/gayoung/dev/acme-design-system-storybook/node_modules/storybook/dist/core-server/presets/common-preset.js:1416:193)
    at async useStatics (file:///Users/kgy/Documents/gayoung/dev/acme-design-system-storybook/node_modules/storybook/dist/_node-chunks/chunk-VGBOM5PD.js:63:83)
    at async Promise.all (index 2)
    at async storybookDevServer (file:///Users/kgy/Documents/gayoung/dev/acme-design-system-storybook/node_modules/storybook/dist/core-server/index.js:7167:141)
    at async buildOrThrow (file:///Users/kgy/Documents/gayoung/dev/acme-design-system-storybook/node_modules/storybook/dist/core-server/index.js:5556:12)
    at async buildDevStandalone (file:///Users/kgy/Documents/gayoung/dev/acme-design-system-storybook/node_modules/storybook/dist/core-server/index.js:7582:66)
    at async withTelemetry (file:///Users/kgy/Documents/gayoung/dev/acme-design-system-storybook/node_modules/storybook/dist/_node-chunks/chunk-VGBOM5PD.js:209:12)
    at async dev (file:///Users/kgy/Documents/gayoung/dev/acme-design-system-storybook/node_modules/storybook/dist/bin/core.js:2734:3)
    at async _Command.<anonymous> (file:///Users/kgy/Documents/gayoung/dev/acme-design-system-storybook/node_modules/storybook/dist/bin/core.js:2801:92)
[13:19:12.904] [WARN] Broken build, fix the error above.
You may need to refresh the browser.
[13:19:12.910] [WARN] Could not resolve addon "@storybook/addon-essentials", skipping. Is it installed?